<?xml version="1.0" encoding="UTF-8"?>
<!-- Generated by org.testng.reporters.JUnitXMLReporter -->
<testsuite ignored="2" hostname="DESKTOP-FNI86KM" failures="0" tests="3" name="EdgeTest" time="81.105" errors="0" timestamp="2023-10-02T19:39:11 IST">
  <testcase classname="TestNGTestPackage.VerifyAddToCartAndBuyNowFunctionality" name="verifyAddToCartFunctionality" time="0.0">
    <skipped/>
  </testcase> <!-- verifyAddToCartFunctionality -->
  <testcase classname="TestNGTestPackage.VerifyAddToCartAndBuyNowFunctionality" name="verifyBuyNowFunctionality" time="0.0">
    <skipped/>
  </testcase> <!-- verifyBuyNowFunctionality -->
  <testcase classname="TestNGTestPackage.VerifyManageAddressFunctionality" name="printStatement" time="0.003"/>
  <testcase classname="TestNGTestPackage.VerifyManageAddressFunctionality" name="verifyAddAdressFunctionality" time="0.0">
    <ignored/>
  </testcase> <!-- verifyAddAdressFunctionality -->
  <testcase classname="TestNGTestPackage.VerifyManageAddressFunctionality" name="verifyRemoveAddressFunctionality" time="0.0">
    <ignored/>
  </testcase> <!-- verifyRemoveAddressFunctionality -->
</testsuite> <!-- EdgeTest -->
