<?xml version="1.0" encoding="UTF-8"?>
<!-- Generated by org.testng.reporters.JUnitXMLReporter -->
<testsuite ignored="1" hostname="DESKTOP-FNI86KM" failures="1" tests="3" name="Test" time="96.566" errors="0" timestamp="2023-09-22T14:33:39 IST">
  <testcase classname="TestNGTestPackage.VerifyAddToCartAndBuyNowFunctionality" name="verifyAddToCartFunctionality" time="15.211"/>
  <testcase classname="TestNGTestPackage.VerifyAddToCartAndBuyNowFunctionality" name="verifyBuyNowFunctionality" time="14.76"/>
  <testcase classname="TestNGTestPackage.VerifyManageAddressFunctionality" name="verifyAddAdressFunctionality" time="4.745">
    <failure type="java.lang.IllegalArgumentException" message="Input must be set">
      <![CDATA[java.lang.IllegalArgumentException: Input must be set
at org.openqa.selenium.internal.Require.nonNull(Require.java:60)
at org.openqa.selenium.support.ui.FluentWait.<init>(FluentWait.java:94)
at org.openqa.selenium.support.ui.WebDriverWait.<init>(WebDriverWait.java:74)
at org.openqa.selenium.support.ui.WebDriverWait.<init>(WebDriverWait.java:43)
at pages.NewAddress.enterPincode(NewAddress.java:88)
at TestNGTestPackage.VerifyManageAddressFunctionality.verifyAddAdressFunctionality(VerifyManageAddressFunctionality.java:67)
at java.base/java.util.ArrayList.forEach(ArrayList.java:1511)
... Removed 25 stack frames]]>
    </failure>
  </testcase> <!-- verifyAddAdressFunctionality -->
  <testcase classname="TestNGTestPackage.VerifyManageAddressFunctionality" name="verifyRemoveAddressFunctionality" time="0.0">
    <ignored/>
  </testcase> <!-- verifyRemoveAddressFunctionality -->
</testsuite> <!-- Test -->
