<?xml version="1.0" encoding="UTF-8"?>
<!-- Generated by org.testng.reporters.JUnitXMLReporter -->
<testsuite ignored="1" hostname="DESKTOP-FNI86KM" failures="0" tests="4" name="Test" time="141.483" errors="0" timestamp="2023-09-23T13:59:51 IST">
  <testcase classname="TestNGPackage.VerifyProfilePageFunctionality" name="verifyEditProfileFunctionality" time="11.354"/>
  <testcase classname="TestNGPackage.VerifyProfilePageFunctionality" name="verifyViewArchieveFunctionality" time="2.677"/>
  <testcase classname="TestNGPackage.VerifySearchOptionFunctionality" name="verifyFriendPostFunctionality" time="16.811"/>
  <testcase classname="TestNGPackage.VerifySearchOptionFunctionality" name="verifyFriendsTagPostFunctionality" time="9.428"/>
  <testcase classname="TestNGPackage.VerifyProfilePageFunctionality" name="verifySettingFuncitionality" time="0.0">
    <ignored/>
  </testcase> <!-- verifySettingFuncitionality -->
</testsuite> <!-- Test -->
