<?xml version="1.0" encoding="UTF-8"?>
<!-- Generated by org.testng.reporters.JUnitXMLReporter -->
<testsuite ignored="0" hostname="DESKTOP-FNI86KM" failures="0" tests="2" name="Default test" time="86.273" errors="0" timestamp="2023-09-23T13:44:49 IST">
  <testcase classname="TestNGPackage.VerifySearchOptionFunctionality" name="verifyFriendPostFunctionality" time="18.675"/>
  <testcase classname="TestNGPackage.VerifySearchOptionFunctionality" name="verifyFriendsTagPostFunctionality" time="10.077"/>
</testsuite> <!-- Default test -->
