<?xml version="1.0" encoding="UTF-8"?>
<testng-results ignored="0" total="2" passed="0" failed="2" skipped="0">
  <reporter-output>
  </reporter-output>
  <suite started-at="2023-10-13T19:03:17 IST" name="Suite" finished-at="2023-10-13T19:03:57 IST" duration-ms="40593">
    <groups>
    </groups>
    <test started-at="2023-10-13T19:03:17 IST" name="Sanity" finished-at="2023-10-13T19:03:57 IST" duration-ms="40477">
      <class name="TestNGTestPackage.VerifyAddToCartAndBuyNowFunctionality">
        <test-method is-config="true" signature="launchBrowser(java.lang.String)[pri:0, instance:TestNGTestPackage.VerifyAddToCartAndBuyNowFunctionality@2aceadd4]" started-at="2023-10-13T19:03:17 IST" name="launchBrowser" finished-at="2023-10-13T19:03:20 IST" duration-ms="2795" status="PASS">
          <params>
            <param index="0">
              <value>
                <![CDATA[chrome]]>
              </value>
            </param>
          </params>
          <reporter-output>
          </reporter-output>
        </test-method> <!-- launchBrowser -->
        <test-method is-config="true" signature="creatingPOMObject()[pri:0, instance:TestNGTestPackage.VerifyAddToCartAndBuyNowFunctionality@2aceadd4]" started-at="2023-10-13T19:03:20 IST" name="creatingPOMObject" finished-at="2023-10-13T19:03:20 IST" duration-ms="60" status="PASS">
          <reporter-output>
          </reporter-output>
        </test-method> <!-- creatingPOMObject -->
        <test-method is-config="true" signature="openProductpage()[pri:0, instance:TestNGTestPackage.VerifyAddToCartAndBuyNowFunctionality@2aceadd4]" started-at="2023-10-13T19:03:20 IST" name="openProductpage" finished-at="2023-10-13T19:03:30 IST" duration-ms="10223" status="PASS">
          <reporter-output>
          </reporter-output>
        </test-method> <!-- openProductpage -->
        <test-method signature="verifyBuyNowFunctionality()[pri:2, instance:TestNGTestPackage.VerifyAddToCartAndBuyNowFunctionality@2aceadd4]" started-at="2023-10-13T19:03:30 IST" name="verifyBuyNowFunctionality" finished-at="2023-10-13T19:03:56 IST" duration-ms="26588" status="FAIL">
          <exception class="org.openqa.selenium.ElementNotInteractableException">
            <message>
              <![CDATA[element not interactable
  (Session info: chrome=117.0.5938.152)
Build info: version: '4.10.0', revision: 'c14d967899'
System info: os.name: 'Windows 10', os.arch: 'amd64', os.version: '10.0', java.version: '20.0.1'
Driver info: org.openqa.selenium.chrome.ChromeDriver
Command: [11f27ce509fd0c69c410865a323c1ce0, sendKeysToElement {id=264B31BF84EA7F5C83753627517D62CC_element_238, value=[Ljava.lang.CharSequence;@5205b377}]
Capabilities {acceptInsecureCerts: false, browserName: chrome, browserVersion: 117.0.5938.152, chrome: {chromedriverVersion: 116.0.5845.96 (1a3918166880..., userDataDir: C:\Users\DELL\AppData\Local...}, fedcm:accounts: true, goog:chromeOptions: {debuggerAddress: localhost:63778}, networkConnectionEnabled: false, pageLoadStrategy: normal, platformName: windows, proxy: Proxy(), se:cdp: ws://localhost:63778/devtoo..., se:cdpVersion: 117.0.5938.152, setWindowRect: true, strictFileInteractability: false, timeouts: {implicit: 0, pageLoad: 300000, script: 30000}, unhandledPromptBehavior: dismiss and notify, webauthn:extension:credBlob: true, webauthn:extension:largeBlob: true, webauthn:extension:minPinLength: true, webauthn:extension:prf: true, webauthn:virtualAuthenticators: true}
Element: [[ChromeDriver: chrome on windows (11f27ce509fd0c69c410865a323c1ce0)] -> xpath: //input[@name='password']]
Session ID: 11f27ce509fd0c69c410865a323c1ce0]]>
            </message>
            <full-stacktrace>
              <![CDATA[org.openqa.selenium.ElementNotInteractableException: element not interactable
  (Session info: chrome=117.0.5938.152)
Build info: version: '4.10.0', revision: 'c14d967899'
System info: os.name: 'Windows 10', os.arch: 'amd64', os.version: '10.0', java.version: '20.0.1'
Driver info: org.openqa.selenium.chrome.ChromeDriver
Command: [11f27ce509fd0c69c410865a323c1ce0, sendKeysToElement {id=264B31BF84EA7F5C83753627517D62CC_element_238, value=[Ljava.lang.CharSequence;@5205b377}]
Capabilities {acceptInsecureCerts: false, browserName: chrome, browserVersion: 117.0.5938.152, chrome: {chromedriverVersion: 116.0.5845.96 (1a3918166880..., userDataDir: C:\Users\DELL\AppData\Local...}, fedcm:accounts: true, goog:chromeOptions: {debuggerAddress: localhost:63778}, networkConnectionEnabled: false, pageLoadStrategy: normal, platformName: windows, proxy: Proxy(), se:cdp: ws://localhost:63778/devtoo..., se:cdpVersion: 117.0.5938.152, setWindowRect: true, strictFileInteractability: false, timeouts: {implicit: 0, pageLoad: 300000, script: 30000}, unhandledPromptBehavior: dismiss and notify, webauthn:extension:credBlob: true, webauthn:extension:largeBlob: true, webauthn:extension:minPinLength: true, webauthn:extension:prf: true, webauthn:virtualAuthenticators: true}
Element: [[ChromeDriver: chrome on windows (11f27ce509fd0c69c410865a323c1ce0)] -> xpath: //input[@name='password']]
Session ID: 11f27ce509fd0c69c410865a323c1ce0
at java.base/jdk.internal.reflect.DirectConstructorHandleAccessor.newInstance(DirectConstructorHandleAccessor.java:67)
at java.base/java.lang.reflect.Constructor.newInstanceWithCaller(Constructor.java:500)
at java.base/java.lang.reflect.Constructor.newInstance(Constructor.java:484)
at org.openqa.selenium.remote.codec.w3c.W3CHttpResponseCodec.createException(W3CHttpResponseCodec.java:199)
at org.openqa.selenium.remote.codec.w3c.W3CHttpResponseCodec.decode(W3CHttpResponseCodec.java:132)
at org.openqa.selenium.remote.codec.w3c.W3CHttpResponseCodec.decode(W3CHttpResponseCodec.java:51)
at org.openqa.selenium.remote.HttpCommandExecutor.execute(HttpCommandExecutor.java:191)
at org.openqa.selenium.remote.service.DriverCommandExecutor.invokeExecute(DriverCommandExecutor.java:196)
at org.openqa.selenium.remote.service.DriverCommandExecutor.execute(DriverCommandExecutor.java:171)
at org.openqa.selenium.remote.RemoteWebDriver.execute(RemoteWebDriver.java:531)
at org.openqa.selenium.remote.RemoteWebElement.execute(RemoteWebElement.java:242)
at org.openqa.selenium.remote.RemoteWebElement.sendKeys(RemoteWebElement.java:111)
at java.base/jdk.internal.reflect.DirectMethodHandleAccessor.invoke(DirectMethodHandleAccessor.java:104)
at java.base/java.lang.reflect.Method.invoke(Method.java:578)
at org.openqa.selenium.support.pagefactory.internal.LocatingElementHandler.invoke(LocatingElementHandler.java:51)
at jdk.proxy2/jdk.proxy2.$Proxy21.sendKeys(Unknown Source)
at pages.SignUpPage.enterPassword(SignUpPage.java:44)
at TestNGTestPackage.VerifyAddToCartAndBuyNowFunctionality.verifyBuyNowFunctionality(VerifyAddToCartAndBuyNowFunctionality.java:142)
at java.base/jdk.internal.reflect.DirectMethodHandleAccessor.invoke(DirectMethodHandleAccessor.java:104)
at java.base/java.lang.reflect.Method.invoke(Method.java:578)
at org.testng.internal.invokers.MethodInvocationHelper.invokeMethod(MethodInvocationHelper.java:139)
at org.testng.internal.invokers.TestInvoker.invokeMethod(TestInvoker.java:664)
at org.testng.internal.invokers.TestInvoker.invokeTestMethod(TestInvoker.java:227)
at org.testng.internal.invokers.MethodRunner.runInSequence(MethodRunner.java:50)
at org.testng.internal.invokers.TestInvoker$MethodInvocationAgent.invoke(TestInvoker.java:957)
at org.testng.internal.invokers.TestInvoker.invokeTestMethods(TestInvoker.java:200)
at org.testng.internal.invokers.TestMethodWorker.invokeTestMethods(TestMethodWorker.java:148)
at org.testng.internal.invokers.TestMethodWorker.run(TestMethodWorker.java:128)
at java.base/java.util.ArrayList.forEach(ArrayList.java:1511)
at org.testng.TestRunner.privateRun(TestRunner.java:848)
at org.testng.TestRunner.run(TestRunner.java:621)
at org.testng.SuiteRunner.runTest(SuiteRunner.java:443)
at org.testng.SuiteRunner$SuiteWorker.run(SuiteRunner.java:481)
at org.testng.internal.thread.ThreadUtil.lambda$execute$0(ThreadUtil.java:58)
at java.base/java.util.concurrent.FutureTask.run(FutureTask.java:317)
at java.base/java.util.concurrent.ThreadPoolExecutor.runWorker(ThreadPoolExecutor.java:1144)
at java.base/java.util.concurrent.ThreadPoolExecutor$Worker.run(ThreadPoolExecutor.java:642)
at java.base/java.lang.Thread.run(Thread.java:1623)
]]>
            </full-stacktrace>
          </exception> <!-- org.openqa.selenium.ElementNotInteractableException -->
          <reporter-output>
          </reporter-output>
        </test-method> <!-- verifyBuyNowFunctionality -->
        <test-method is-config="true" signature="logOutFromApplication(org.testng.ITestResult)[pri:0, instance:TestNGTestPackage.VerifyAddToCartAndBuyNowFunctionality@2aceadd4]" started-at="2023-10-13T19:03:56 IST" name="logOutFromApplication" finished-at="2023-10-13T19:03:57 IST" duration-ms="183" status="PASS">
          <params>
            <param index="0">
              <value>
                <![CDATA[[TestResult name=verifyBuyNowFunctionality status=FAILURE method=VerifyAddToCartAndBuyNowFunctionality.verifyBuyNowFunctionality()[pri:2, instance:TestNGTestPackage.VerifyAddToCartAndBuyNowFunctionality@2aceadd4] output={null}]]]>
              </value>
            </param>
          </params>
          <reporter-output>
          </reporter-output>
        </test-method> <!-- logOutFromApplication -->
        <test-method is-config="true" signature="closeObject()[pri:0, instance:TestNGTestPackage.VerifyAddToCartAndBuyNowFunctionality@2aceadd4]" started-at="2023-10-13T19:03:57 IST" name="closeObject" finished-at="2023-10-13T19:03:57 IST" duration-ms="0" status="PASS">
          <reporter-output>
          </reporter-output>
        </test-method> <!-- closeObject -->
        <test-method is-config="true" signature="closeBrowser()[pri:0, instance:TestNGTestPackage.VerifyAddToCartAndBuyNowFunctionality@2aceadd4]" started-at="2023-10-13T19:03:57 IST" name="closeBrowser" finished-at="2023-10-13T19:03:57 IST" duration-ms="539" status="PASS">
          <reporter-output>
          </reporter-output>
        </test-method> <!-- closeBrowser -->
      </class> <!-- TestNGTestPackage.VerifyAddToCartAndBuyNowFunctionality -->
    </test> <!-- Sanity -->
    <test started-at="2023-10-13T19:03:17 IST" name="Smoke" finished-at="2023-10-13T19:03:57 IST" duration-ms="40593">
      <class name="TestNGTestPackage.VerifyAddToCartAndBuyNowFunctionality">
        <test-method is-config="true" signature="launchBrowser(java.lang.String)[pri:0, instance:TestNGTestPackage.VerifyAddToCartAndBuyNowFunctionality@5aebe890]" started-at="2023-10-13T19:03:17 IST" name="launchBrowser" finished-at="2023-10-13T19:03:21 IST" duration-ms="4642" status="PASS">
          <params>
            <param index="0">
              <value>
                <![CDATA[Edge]]>
              </value>
            </param>
          </params>
          <reporter-output>
          </reporter-output>
        </test-method> <!-- launchBrowser -->
        <test-method is-config="true" signature="creatingPOMObject()[pri:0, instance:TestNGTestPackage.VerifyAddToCartAndBuyNowFunctionality@5aebe890]" started-at="2023-10-13T19:03:21 IST" name="creatingPOMObject" finished-at="2023-10-13T19:03:21 IST" duration-ms="2" status="PASS">
          <reporter-output>
          </reporter-output>
        </test-method> <!-- creatingPOMObject -->
        <test-method is-config="true" signature="openProductpage()[pri:0, instance:TestNGTestPackage.VerifyAddToCartAndBuyNowFunctionality@5aebe890]" started-at="2023-10-13T19:03:21 IST" name="openProductpage" finished-at="2023-10-13T19:03:39 IST" duration-ms="17416" status="PASS">
          <reporter-output>
          </reporter-output>
        </test-method> <!-- openProductpage -->
        <test-method signature="verifyBuyNowFunctionality()[pri:2, instance:TestNGTestPackage.VerifyAddToCartAndBuyNowFunctionality@5aebe890]" started-at="2023-10-13T19:03:39 IST" name="verifyBuyNowFunctionality" finished-at="2023-10-13T19:03:56 IST" duration-ms="17689" status="FAIL">
          <exception class="org.openqa.selenium.ElementNotInteractableException">
            <message>
              <![CDATA[element not interactable
  (Session info: MicrosoftEdge=117.0.2045.60)
Build info: version: '4.10.0', revision: 'c14d967899'
System info: os.name: 'Windows 10', os.arch: 'amd64', os.version: '10.0', java.version: '20.0.1'
Driver info: org.openqa.selenium.edge.EdgeDriver
Command: [fbc34a98c6059089711d3c33669240e2, sendKeysToElement {id=D13AC8CF5430C1DBD768FC791B3FD4BD_element_239, value=[Ljava.lang.CharSequence;@ec4bddc}]
Capabilities {acceptInsecureCerts: false, browserName: msedge, browserVersion: 117.0.2045.60, fedcm:accounts: true, ms:edgeOptions: {debuggerAddress: localhost:63794}, msedge: {msedgedriverVersion: 116.0.1938.81 (bc0eb28b55bd..., userDataDir: C:\Users\DELL\AppData\Local...}, networkConnectionEnabled: false, pageLoadStrategy: normal, platformName: windows, proxy: Proxy(), se:cdp: ws://localhost:63794/devtoo..., se:cdpVersion: 117.0.2045.60, setWindowRect: true, strictFileInteractability: false, timeouts: {implicit: 0, pageLoad: 300000, script: 30000}, unhandledPromptBehavior: dismiss and notify, webauthn:extension:credBlob: true, webauthn:extension:largeBlob: true, webauthn:extension:minPinLength: true, webauthn:extension:prf: true, webauthn:virtualAuthenticators: true}
Element: [[EdgeDriver: msedge on windows (fbc34a98c6059089711d3c33669240e2)] -> xpath: //input[@name='password']]
Session ID: fbc34a98c6059089711d3c33669240e2]]>
            </message>
            <full-stacktrace>
              <![CDATA[org.openqa.selenium.ElementNotInteractableException: element not interactable
  (Session info: MicrosoftEdge=117.0.2045.60)
Build info: version: '4.10.0', revision: 'c14d967899'
System info: os.name: 'Windows 10', os.arch: 'amd64', os.version: '10.0', java.version: '20.0.1'
Driver info: org.openqa.selenium.edge.EdgeDriver
Command: [fbc34a98c6059089711d3c33669240e2, sendKeysToElement {id=D13AC8CF5430C1DBD768FC791B3FD4BD_element_239, value=[Ljava.lang.CharSequence;@ec4bddc}]
Capabilities {acceptInsecureCerts: false, browserName: msedge, browserVersion: 117.0.2045.60, fedcm:accounts: true, ms:edgeOptions: {debuggerAddress: localhost:63794}, msedge: {msedgedriverVersion: 116.0.1938.81 (bc0eb28b55bd..., userDataDir: C:\Users\DELL\AppData\Local...}, networkConnectionEnabled: false, pageLoadStrategy: normal, platformName: windows, proxy: Proxy(), se:cdp: ws://localhost:63794/devtoo..., se:cdpVersion: 117.0.2045.60, setWindowRect: true, strictFileInteractability: false, timeouts: {implicit: 0, pageLoad: 300000, script: 30000}, unhandledPromptBehavior: dismiss and notify, webauthn:extension:credBlob: true, webauthn:extension:largeBlob: true, webauthn:extension:minPinLength: true, webauthn:extension:prf: true, webauthn:virtualAuthenticators: true}
Element: [[EdgeDriver: msedge on windows (fbc34a98c6059089711d3c33669240e2)] -> xpath: //input[@name='password']]
Session ID: fbc34a98c6059089711d3c33669240e2
at java.base/jdk.internal.reflect.DirectConstructorHandleAccessor.newInstance(DirectConstructorHandleAccessor.java:67)
at java.base/java.lang.reflect.Constructor.newInstanceWithCaller(Constructor.java:500)
at java.base/java.lang.reflect.Constructor.newInstance(Constructor.java:484)
at org.openqa.selenium.remote.codec.w3c.W3CHttpResponseCodec.createException(W3CHttpResponseCodec.java:199)
at org.openqa.selenium.remote.codec.w3c.W3CHttpResponseCodec.decode(W3CHttpResponseCodec.java:132)
at org.openqa.selenium.remote.codec.w3c.W3CHttpResponseCodec.decode(W3CHttpResponseCodec.java:51)
at org.openqa.selenium.remote.HttpCommandExecutor.execute(HttpCommandExecutor.java:191)
at org.openqa.selenium.remote.service.DriverCommandExecutor.invokeExecute(DriverCommandExecutor.java:196)
at org.openqa.selenium.remote.service.DriverCommandExecutor.execute(DriverCommandExecutor.java:171)
at org.openqa.selenium.remote.RemoteWebDriver.execute(RemoteWebDriver.java:531)
at org.openqa.selenium.remote.RemoteWebElement.execute(RemoteWebElement.java:242)
at org.openqa.selenium.remote.RemoteWebElement.sendKeys(RemoteWebElement.java:111)
at java.base/jdk.internal.reflect.DirectMethodHandleAccessor.invoke(DirectMethodHandleAccessor.java:104)
at java.base/java.lang.reflect.Method.invoke(Method.java:578)
at org.openqa.selenium.support.pagefactory.internal.LocatingElementHandler.invoke(LocatingElementHandler.java:51)
at jdk.proxy2/jdk.proxy2.$Proxy21.sendKeys(Unknown Source)
at pages.SignUpPage.enterPassword(SignUpPage.java:44)
at TestNGTestPackage.VerifyAddToCartAndBuyNowFunctionality.verifyBuyNowFunctionality(VerifyAddToCartAndBuyNowFunctionality.java:142)
at java.base/jdk.internal.reflect.DirectMethodHandleAccessor.invoke(DirectMethodHandleAccessor.java:104)
at java.base/java.lang.reflect.Method.invoke(Method.java:578)
at org.testng.internal.invokers.MethodInvocationHelper.invokeMethod(MethodInvocationHelper.java:139)
at org.testng.internal.invokers.TestInvoker.invokeMethod(TestInvoker.java:664)
at org.testng.internal.invokers.TestInvoker.invokeTestMethod(TestInvoker.java:227)
at org.testng.internal.invokers.MethodRunner.runInSequence(MethodRunner.java:50)
at org.testng.internal.invokers.TestInvoker$MethodInvocationAgent.invoke(TestInvoker.java:957)
at org.testng.internal.invokers.TestInvoker.invokeTestMethods(TestInvoker.java:200)
at org.testng.internal.invokers.TestMethodWorker.invokeTestMethods(TestMethodWorker.java:148)
at org.testng.internal.invokers.TestMethodWorker.run(TestMethodWorker.java:128)
at java.base/java.util.ArrayList.forEach(ArrayList.java:1511)
at org.testng.TestRunner.privateRun(TestRunner.java:848)
at org.testng.TestRunner.run(TestRunner.java:621)
at org.testng.SuiteRunner.runTest(SuiteRunner.java:443)
at org.testng.SuiteRunner$SuiteWorker.run(SuiteRunner.java:481)
at org.testng.internal.thread.ThreadUtil.lambda$execute$0(ThreadUtil.java:58)
at java.base/java.util.concurrent.FutureTask.run(FutureTask.java:317)
at java.base/java.util.concurrent.ThreadPoolExecutor.runWorker(ThreadPoolExecutor.java:1144)
at java.base/java.util.concurrent.ThreadPoolExecutor$Worker.run(ThreadPoolExecutor.java:642)
at java.base/java.lang.Thread.run(Thread.java:1623)
]]>
            </full-stacktrace>
          </exception> <!-- org.openqa.selenium.ElementNotInteractableException -->
          <reporter-output>
          </reporter-output>
        </test-method> <!-- verifyBuyNowFunctionality -->
        <test-method is-config="true" signature="logOutFromApplication(org.testng.ITestResult)[pri:0, instance:TestNGTestPackage.VerifyAddToCartAndBuyNowFunctionality@5aebe890]" started-at="2023-10-13T19:03:56 IST" name="logOutFromApplication" finished-at="2023-10-13T19:03:57 IST" duration-ms="229" status="PASS">
          <params>
            <param index="0">
              <value>
                <![CDATA[[TestResult name=verifyBuyNowFunctionality status=FAILURE method=VerifyAddToCartAndBuyNowFunctionality.verifyBuyNowFunctionality()[pri:2, instance:TestNGTestPackage.VerifyAddToCartAndBuyNowFunctionality@5aebe890] output={null}]]]>
              </value>
            </param>
          </params>
          <reporter-output>
          </reporter-output>
        </test-method> <!-- logOutFromApplication -->
        <test-method is-config="true" signature="closeObject()[pri:0, instance:TestNGTestPackage.VerifyAddToCartAndBuyNowFunctionality@5aebe890]" started-at="2023-10-13T19:03:57 IST" name="closeObject" finished-at="2023-10-13T19:03:57 IST" duration-ms="0" status="PASS">
          <reporter-output>
          </reporter-output>
        </test-method> <!-- closeObject -->
        <test-method is-config="true" signature="closeBrowser()[pri:0, instance:TestNGTestPackage.VerifyAddToCartAndBuyNowFunctionality@5aebe890]" started-at="2023-10-13T19:03:57 IST" name="closeBrowser" finished-at="2023-10-13T19:03:57 IST" duration-ms="581" status="PASS">
          <reporter-output>
          </reporter-output>
        </test-method> <!-- closeBrowser -->
      </class> <!-- TestNGTestPackage.VerifyAddToCartAndBuyNowFunctionality -->
    </test> <!-- Smoke -->
  </suite> <!-- Suite -->
</testng-results>
