<?xml version="1.0" encoding="UTF-8"?>
<!-- Generated by org.testng.reporters.JUnitXMLReporter -->
<testsuite ignored="0" hostname="DESKTOP-FNI86KM" failures="0" tests="4" name="EdgeTest" time="17.064" errors="0" timestamp="2023-09-27T17:29:33 IST">
  <testcase classname="TestNGPackage.VerifyProfilePageFunctionality" name="verifyEditProfileFunctionality" time="0.003">
    <skipped/>
  </testcase> <!-- verifyEditProfileFunctionality -->
  <testcase classname="TestNGPackage.VerifyProfilePageFunctionality" name="verifyViewArchieveFunctionality" time="0.0">
    <skipped/>
  </testcase> <!-- verifyViewArchieveFunctionality -->
  <testcase classname="TestNGPackage.VerifySearchOptionFunctionality" name="verifyFriendPostFunctionality" time="0.0">
    <skipped/>
  </testcase> <!-- verifyFriendPostFunctionality -->
  <testcase classname="TestNGPackage.VerifySearchOptionFunctionality" name="verifyFriendsTagPostFunctionality" time="0.0">
    <skipped/>
  </testcase> <!-- verifyFriendsTagPostFunctionality -->
</testsuite> <!-- EdgeTest -->
