<?xml version="1.0" encoding="UTF-8"?>
<!-- Generated by org.testng.reporters.JUnitXMLReporter -->
<testsuite ignored="2" hostname="DESKTOP-FNI86KM" failures="2" tests="2" name="highPriority" time="0.116" errors="0" timestamp="2023-10-02T19:20:25 IST">
  <testcase classname="TestNGPackage.VerifyProfilePageFunctionality" name="verifyEditProfileFunctionality" time="0.021">
    <failure type="java.lang.NullPointerException" message="Cannot invoke &amp;quot;module.SaveInformationPopup.clickOnNowButton()&amp;quot; because &amp;quot;this._saveInformationPopup&amp;quot; is null">
      <![CDATA[java.lang.NullPointerException: Cannot invoke "module.SaveInformationPopup.clickOnNowButton()" because "this._saveInformationPopup" is null
at TestNGPackage.VerifyProfilePageFunctionality.verifyEditProfileFunctionality(VerifyProfilePageFunctionality.java:98)
at java.base/java.util.ArrayList.forEach(ArrayList.java:1511)
... Removed 25 stack frames]]>
    </failure>
  </testcase> <!-- verifyEditProfileFunctionality -->
  <testcase classname="TestNGPackage.VerifySearchOptionFunctionality" name="verifyFriendPostFunctionality" time="0.003">
    <failure type="java.lang.NullPointerException" message="Cannot invoke &amp;quot;module.SaveInformationPopup.clickOnNowButton()&amp;quot; because &amp;quot;this._saveInformationPopup&amp;quot; is null">
      <![CDATA[java.lang.NullPointerException: Cannot invoke "module.SaveInformationPopup.clickOnNowButton()" because "this._saveInformationPopup" is null
at TestNGPackage.VerifySearchOptionFunctionality.verifyFriendPostFunctionality(VerifySearchOptionFunctionality.java:97)
at java.base/java.util.ArrayList.forEach(ArrayList.java:1511)
... Removed 25 stack frames]]>
    </failure>
  </testcase> <!-- verifyFriendPostFunctionality -->
  <testcase classname="TestNGPackage.VerifyProfilePageFunctionality" name="verifyViewArchieveFunctionality" time="0.0">
    <ignored/>
  </testcase> <!-- verifyViewArchieveFunctionality -->
  <testcase classname="TestNGPackage.VerifySearchOptionFunctionality" name="verifyFriendsTagPostFunctionality" time="0.0">
    <ignored/>
  </testcase> <!-- verifyFriendsTagPostFunctionality -->
</testsuite> <!-- highPriority -->
